TN:
SF:src/Ejercicio-2/Base.ts
FN:6,<instance_members_initializer>
FN:12,Base
FNF:2
FNH:2
FNDA:4,<instance_members_initializer>
FNDA:4,Base
DA:1,1
DA:2,1
DA:3,1
DA:4,1
DA:5,1
DA:6,1
DA:7,4
DA:8,4
DA:9,4
DA:10,4
DA:11,4
DA:12,4
DA:13,4
DA:14,4
DA:15,4
DA:16,4
DA:17,4
DA:18,4
DA:19,4
DA:20,4
DA:21,4
DA:22,4
DA:23,4
DA:24,4
DA:25,4
DA:26,4
DA:27,4
DA:28,4
DA:29,4
DA:30,4
DA:31,4
LF:31
LH:31
BRDA:6,0,0,4
BRDA:12,1,0,4
BRF:2
BRH:2
end_of_record
TN:
SF:src/Ejercicio-2/NoPipe.ts
FN:15,<instance_members_initializer>
FN:21,NoPipe
FN:31,lineas
FN:52,palabras
FN:73,caracteres
FNF:5
FNH:5
FNDA:2,<instance_members_initializer>
FNDA:2,NoPipe
FNDA:2,lineas
FNDA:2,palabras
FNDA:2,caracteres
DA:1,1
DA:2,1
DA:3,1
DA:4,1
DA:5,1
DA:6,1
DA:7,1
DA:8,1
DA:9,1
DA:10,1
DA:11,1
DA:12,1
DA:13,1
DA:14,1
DA:15,1
DA:16,2
DA:17,2
DA:18,2
DA:19,2
DA:20,2
DA:21,2
DA:22,2
DA:23,2
DA:24,2
DA:25,2
DA:26,2
DA:27,2
DA:28,2
DA:29,2
DA:30,2
DA:31,2
DA:32,2
DA:33,1
DA:34,1
DA:35,1
DA:36,1
DA:37,1
DA:38,1
DA:39,1
DA:40,1
DA:41,1
DA:42,1
DA:43,1
DA:44,1
DA:45,2
DA:46,2
DA:47,2
DA:48,2
DA:49,2
DA:50,2
DA:51,2
DA:52,2
DA:53,2
DA:54,1
DA:55,1
DA:56,1
DA:57,1
DA:58,1
DA:59,1
DA:60,1
DA:61,1
DA:62,1
DA:63,1
DA:64,1
DA:65,1
DA:66,2
DA:67,2
DA:68,2
DA:69,2
DA:70,2
DA:71,2
DA:72,2
DA:73,2
DA:74,2
DA:75,1
DA:76,1
DA:77,1
DA:78,1
DA:79,1
DA:80,1
DA:81,1
DA:82,1
DA:83,1
DA:84,1
DA:85,1
DA:86,1
DA:87,2
LF:87
LH:87
BRDA:15,0,0,2
BRDA:21,1,0,2
BRDA:31,2,0,2
BRDA:32,3,0,1
BRDA:38,4,0,1
BRDA:41,5,0,1
BRDA:52,6,0,2
BRDA:53,7,0,1
BRDA:59,8,0,1
BRDA:62,9,0,1
BRDA:73,10,0,2
BRDA:74,11,0,1
BRDA:80,12,0,1
BRDA:83,13,0,1
BRF:14
BRH:14
end_of_record
TN:
SF:src/Ejercicio-2/Pipe.ts
FN:17,<instance_members_initializer>
FN:22,Pipe
FN:32,lineas
FN:53,palabras
FN:74,caracteres
FNF:5
FNH:5
FNDA:2,<instance_members_initializer>
FNDA:2,Pipe
FNDA:2,lineas
FNDA:2,palabras
FNDA:2,caracteres
DA:1,1
DA:2,1
DA:3,1
DA:4,1
DA:5,1
DA:6,1
DA:7,1
DA:8,1
DA:9,1
DA:10,1
DA:11,1
DA:12,1
DA:13,1
DA:14,1
DA:15,1
DA:16,1
DA:17,1
DA:18,2
DA:19,2
DA:20,2
DA:21,2
DA:22,2
DA:23,2
DA:24,2
DA:25,2
DA:26,2
DA:27,2
DA:28,2
DA:29,2
DA:30,2
DA:31,2
DA:32,2
DA:33,2
DA:34,1
DA:35,1
DA:36,1
DA:37,1
DA:38,1
DA:39,1
DA:40,1
DA:41,1
DA:42,1
DA:43,1
DA:44,1
DA:45,1
DA:46,2
DA:47,2
DA:48,2
DA:49,2
DA:50,2
DA:51,2
DA:52,2
DA:53,2
DA:54,2
DA:55,1
DA:56,1
DA:57,1
DA:58,1
DA:59,1
DA:60,1
DA:61,1
DA:62,1
DA:63,1
DA:64,1
DA:65,1
DA:66,1
DA:67,2
DA:68,2
DA:69,2
DA:70,2
DA:71,2
DA:72,2
DA:73,2
DA:74,2
DA:75,2
DA:76,1
DA:77,1
DA:78,1
DA:79,1
DA:80,1
DA:81,1
DA:82,1
DA:83,1
DA:84,1
DA:85,1
DA:86,1
DA:87,1
DA:88,2
LF:88
LH:88
BRDA:17,0,0,2
BRDA:22,1,0,2
BRDA:32,2,0,2
BRDA:33,3,0,1
BRDA:39,4,0,1
BRDA:42,5,0,1
BRDA:53,6,0,2
BRDA:54,7,0,1
BRDA:60,8,0,1
BRDA:63,9,0,1
BRDA:74,10,0,2
BRDA:75,11,0,1
BRDA:81,12,0,1
BRDA:84,13,0,1
BRF:14
BRH:14
end_of_record
TN:
SF:src/Ejercicio-3/Funko/Funko.ts
FN:8,<instance_members_initializer>
FN:22,Funko
FNF:2
FNH:2
FNDA:5,<instance_members_initializer>
FNDA:5,Funko
DA:1,1
DA:2,1
DA:3,1
DA:4,1
DA:5,1
DA:6,1
DA:7,1
DA:8,1
DA:9,5
DA:10,5
DA:11,5
DA:12,5
DA:13,5
DA:14,5
DA:15,5
DA:16,5
DA:17,5
DA:18,5
DA:19,5
DA:20,5
DA:21,5
DA:22,5
DA:23,5
DA:24,5
DA:25,5
DA:26,5
DA:27,5
DA:28,5
DA:29,5
DA:30,5
DA:31,5
DA:32,5
DA:33,5
DA:34,5
DA:35,5
DA:36,5
DA:37,5
DA:38,5
DA:39,5
DA:40,5
DA:41,5
DA:42,5
DA:43,5
DA:44,5
DA:45,5
LF:45
LH:45
BRDA:8,0,0,5
BRDA:22,1,0,5
BRF:2
BRH:2
end_of_record
TN:
SF:src/Ejercicio-3/Funko/FunkoGenres.ts
FNF:0
FNH:0
DA:1,1
DA:2,1
DA:3,1
DA:4,1
DA:5,1
DA:6,1
DA:7,1
DA:8,1
DA:9,1
DA:10,1
DA:11,1
DA:12,1
DA:13,1
LF:13
LH:13
BRDA:5,0,0,1
BRF:1
BRH:1
end_of_record
TN:
SF:src/Ejercicio-3/Funko/FunkoTypes.ts
FNF:0
FNH:0
DA:1,1
DA:2,1
DA:3,1
DA:4,1
DA:5,1
DA:6,1
DA:7,1
DA:8,1
DA:9,1
DA:10,1
DA:11,1
DA:12,1
LF:12
LH:12
BRDA:5,0,0,1
BRF:1
BRH:1
end_of_record
TN:
SF:src/Ejercicio-3/FunkoApp/FunkoApp.ts
FN:13,<instance_members_initializer>
FN:21,App
FN:31,cargarDatos
FN:55,guardarDatos
FN:72,getFunko
FN:89,addFunko
FN:137,modifyFunko
FN:175,removeFunko
FN:188,listFunkos
FN:199,showFunkoById
FNF:10
FNH:10
FNDA:13,<instance_members_initializer>
FNDA:13,App
FNDA:13,cargarDatos
FNDA:3,guardarDatos
FNDA:1,getFunko
FNDA:6,addFunko
FNDA:2,modifyFunko
FNDA:2,removeFunko
FNDA:1,listFunkos
FNDA:5,showFunkoById
DA:1,1
DA:2,1
DA:3,1
DA:4,1
DA:5,1
DA:6,1
DA:7,1
DA:8,1
DA:9,1
DA:10,1
DA:11,1
DA:12,1
DA:13,1
DA:14,13
DA:15,13
DA:16,13
DA:17,13
DA:18,13
DA:19,13
DA:20,13
DA:21,13
DA:22,13
DA:23,13
DA:24,13
DA:25,13
DA:26,13
DA:27,13
DA:28,13
DA:29,13
DA:30,13
DA:31,13
DA:32,13
DA:33,13
DA:34,1
DA:35,1
DA:36,13
DA:37,13
DA:38,13
DA:39,1
DA:40,13
DA:41,12
DA:42,29
DA:43,29
DA:44,29
DA:45,12
DA:46,12
DA:47,12
DA:48,12
DA:49,13
DA:50,13
DA:51,13
DA:52,13
DA:53,13
DA:54,13
DA:55,13
DA:56,3
DA:57,1
DA:58,0
DA:59,0
DA:60,0
DA:61,0
DA:62,0
DA:63,3
DA:64,3
DA:65,3
DA:66,13
DA:67,13
DA:68,13
DA:69,13
DA:70,13
DA:71,13
DA:72,13
DA:73,1
DA:74,1
DA:75,13
DA:76,13
DA:77,13
DA:78,13
DA:79,13
DA:80,13
DA:81,13
DA:82,13
DA:83,13
DA:84,13
DA:85,13
DA:86,13
DA:87,13
DA:88,13
DA:89,13
DA:90,6
DA:91,6
DA:92,6
DA:93,6
DA:94,6
DA:95,6
DA:96,6
DA:97,6
DA:98,6
DA:99,6
DA:100,6
DA:101,6
DA:102,6
DA:103,4
DA:104,4
DA:105,4
DA:106,4
DA:107,4
DA:108,4
DA:109,4
DA:110,4
DA:111,4
DA:112,4
DA:113,4
DA:114,4
DA:115,4
DA:116,4
DA:117,4
DA:118,6
DA:119,2
DA:120,2
DA:121,6
DA:122,13
DA:123,13
DA:124,13
DA:125,13
DA:126,13
DA:127,13
DA:128,13
DA:129,13
DA:130,13
DA:131,13
DA:132,13
DA:133,13
DA:134,13
DA:135,13
DA:136,13
DA:137,13
DA:138,2
DA:139,2
DA:140,2
DA:141,2
DA:142,2
DA:143,2
DA:144,2
DA:145,2
DA:146,2
DA:147,2
DA:148,2
DA:149,2
DA:150,1
DA:151,1
DA:152,1
DA:153,1
DA:154,1
DA:155,1
DA:156,1
DA:157,1
DA:158,1
DA:159,1
DA:160,1
DA:161,1
DA:162,1
DA:163,1
DA:164,1
DA:165,1
DA:166,1
DA:167,1
DA:168,2
DA:169,13
DA:170,13
DA:171,13
DA:172,13
DA:173,13
DA:174,13
DA:175,13
DA:176,2
DA:177,1
DA:178,1
DA:179,1
DA:180,1
DA:181,1
DA:182,1
DA:183,13
DA:184,13
DA:185,13
DA:186,13
DA:187,13
DA:188,13
DA:189,1
DA:190,1
DA:191,2
DA:192,1
DA:193,1
DA:194,1
DA:195,13
DA:196,13
DA:197,13
DA:198,13
DA:199,13
DA:200,5
DA:201,4
DA:202,4
DA:203,4
DA:204,4
DA:205,4
DA:206,1
DA:207,1
DA:208,13
LF:208
LH:203
BRDA:13,0,0,13
BRDA:21,1,0,13
BRDA:31,2,0,13
BRDA:33,3,0,1
BRDA:38,4,0,1
BRDA:40,5,0,12
BRDA:41,6,0,29
BRDA:55,7,0,3
BRDA:56,8,0,1
BRDA:57,9,0,0
BRDA:72,10,0,1
BRDA:89,11,0,6
BRDA:102,12,0,4
BRDA:118,13,0,2
BRDA:137,14,0,2
BRDA:149,15,0,1
BRDA:175,16,0,2
BRDA:176,17,0,1
BRDA:188,18,0,1
BRDA:190,19,0,2
BRDA:199,20,0,5
BRDA:200,21,0,4
BRDA:206,22,0,1
BRF:23
BRH:22
end_of_record
