TN:
SF:src/ejercicio-2/Nopipe.ts
FN:12,NoPipe
FN:21,contarLineas
FN:42,contarPalabras
FN:62,contarCaracteres
FN:84,contarTodo
FNF:5
FNH:5
FNDA:8,NoPipe
FNDA:3,contarLineas
FNDA:3,contarPalabras
FNDA:3,contarCaracteres
FNDA:2,contarTodo
DA:1,1
DA:2,1
DA:3,1
DA:4,1
DA:5,1
DA:6,1
DA:7,1
DA:8,1
DA:9,1
DA:10,1
DA:11,1
DA:12,1
DA:13,8
DA:14,8
DA:15,1
DA:16,1
DA:17,1
DA:18,1
DA:19,1
DA:20,1
DA:21,1
DA:22,3
DA:23,3
DA:24,3
DA:25,2
DA:26,2
DA:27,2
DA:28,2
DA:29,2
DA:30,2
DA:31,3
DA:32,1
DA:33,1
DA:34,1
DA:35,3
DA:36,1
DA:37,1
DA:38,1
DA:39,1
DA:40,1
DA:41,1
DA:42,1
DA:43,3
DA:44,3
DA:45,3
DA:46,2
DA:47,2
DA:48,2
DA:49,2
DA:50,2
DA:51,3
DA:52,1
DA:53,1
DA:54,1
DA:55,3
DA:56,1
DA:57,1
DA:58,1
DA:59,1
DA:60,1
DA:61,1
DA:62,1
DA:63,3
DA:64,3
DA:65,3
DA:66,3
DA:67,2
DA:68,2
DA:69,2
DA:70,2
DA:71,2
DA:72,2
DA:73,3
DA:74,1
DA:75,1
DA:76,1
DA:77,3
DA:78,3
DA:79,1
DA:80,1
DA:81,1
DA:82,1
DA:83,1
DA:84,1
DA:85,2
DA:86,2
DA:87,1
DA:88,1
DA:89,1
DA:90,1
DA:91,1
DA:92,1
DA:93,1
DA:94,1
DA:95,1
LF:95
LH:95
BRDA:12,0,0,8
BRDA:21,1,0,3
BRDA:24,2,0,2
BRDA:31,3,0,1
BRDA:42,4,0,3
BRDA:45,5,0,2
BRDA:51,6,0,1
BRDA:62,7,0,3
BRDA:66,8,0,2
BRDA:73,9,0,1
BRDA:84,10,0,2
BRDA:86,11,0,1
BRF:12
BRH:12
end_of_record
